[debug] [2022-11-13T15:15:12.265Z] ----------------------------------------------------------------------
[debug] [2022-11-13T15:15:12.269Z] Command:       C:\Program Files\nodejs\node.exe C:\Users\kaveeshan\AppData\Roaming\npm\node_modules\firebase-tools\lib\bin\firebase.js init
[debug] [2022-11-13T15:15:12.271Z] CLI Version:   11.16.0
[debug] [2022-11-13T15:15:12.271Z] Platform:      win32
[debug] [2022-11-13T15:15:12.271Z] Node Version:  v16.14.0
[debug] [2022-11-13T15:15:12.273Z] Time:          Sun Nov 13 2022 20:45:12 GMT+0530 (India Standard Time)
[debug] [2022-11-13T15:15:12.274Z] ----------------------------------------------------------------------
[debug] 
[debug] [2022-11-13T15:15:12.293Z] > command requires scopes: ["email","openid","https://www.googleapis.com/auth/cloudplatformprojects.readonly","https://www.googleapis.com/auth/firebase","https://www.googleapis.com/auth/cloud-platform"]
[debug] [2022-11-13T15:15:12.294Z] > authorizing via signed-in user (lalitharankaveeshan@gmail.com)
[info] 
     ######## #### ########  ######## ########     ###     ######  ########
     ##        ##  ##     ## ##       ##     ##  ##   ##  ##       ##
     ######    ##  ########  ######   ########  #########  ######  ######
     ##        ##  ##    ##  ##       ##     ## ##     ##       ## ##
     ##       #### ##     ## ######## ########  ##     ##  ######  ########

You're about to initialize a Firebase project in this directory:

  C:\Lecture Notes\YTA\Repo\YTA-Profile-View\YTA-Profile_details

Before we get started, keep in mind:

  * You are currently outside your home directory

[info] 
=== Project Setup
[info] 
[info] First, let's associate this project directory with a Firebase project.
[info] You can create multiple project aliases by running firebase use --add, 
[info] but for now we'll just set up a default project.
[info] 
[debug] [2022-11-13T15:15:26.686Z] >>> [apiv2][query] GET https://firebase.googleapis.com/v1beta1/projects pageSize=100
[debug] [2022-11-13T15:15:27.497Z] <<< [apiv2][status] GET https://firebase.googleapis.com/v1beta1/projects 200
[debug] [2022-11-13T15:15:27.497Z] <<< [apiv2][body] GET https://firebase.googleapis.com/v1beta1/projects [omitted]
[info] i  Using project fir-app1-8d7d4 (FirebaseApp1) 
[info] 
=== Hosting Setup
[info] 
[info] Your public directory is the folder (relative to your project directory) that
[info] will contain Hosting assets to be uploaded with firebase deploy. If you
[info] have a build process for your assets, use your build's output directory.
[info] 
